<?xml version="1.0" encoding="UTF-8" ?>
<testsuite tests="8" failures="4" name="TestSuite" time="30.182" errors="0" skipped="3">
  <properties>
    <property name="java.runtime.name" value="Java(TM) SE Runtime Environment"/>
    <property name="java.vm.version" value="10.0.1+10"/>
    <property name="sun.boot.library.path" value="C:\Program Files\Java\jdk-10.0.1\bin"/>
    <property name="maven.multiModuleProjectDirectory" value="D:\Selenium_Commands\Selenium_Practice"/>
    <property name="java.vm.vendor" value="&quot;Oracle Corporation&quot;"/>
    <property name="java.vendor.url" value="http://java.oracle.com/"/>
    <property name="guice.disable.misplaced.annotation.check" value="true"/>
    <property name="path.separator" value=";"/>
    <property name="java.vm.name" value="Java HotSpot(TM) 64-Bit Server VM"/>
    <property name="file.encoding.pkg" value="sun.io"/>
    <property name="sun.os.patch.level" value=""/>
    <property name="user.script" value=""/>
    <property name="user.country" value="US"/>
    <property name="sun.java.launcher" value="SUN_STANDARD"/>
    <property name="java.vm.specification.name" value="Java Virtual Machine Specification"/>
    <property name="user.dir" value="D:\Selenium_Commands\Selenium_Practice"/>
    <property name="java.vm.compressedOopsMode" value="32-bit"/>
    <property name="java.runtime.version" value="10.0.1+10"/>
    <property name="java.awt.graphicsenv" value="sun.awt.Win32GraphicsEnvironment"/>
    <property name="os.arch" value="amd64"/>
    <property name="java.io.tmpdir" value="C:\Users\Srinu\AppData\Local\Temp\"/>
    <property name="line.separator" value="
"/>
    <property name="java.vm.specification.vendor" value="Oracle Corporation"/>
    <property name="user.variant" value=""/>
    <property name="os.name" value="Windows 10"/>
    <property name="classworlds.conf" value="D:\Selenium_Commands\.metadata\.plugins\org.eclipse.m2e.launching\launches\m2conf2497797519885362249.tmp"/>
    <property name="sun.jnu.encoding" value="Cp1252"/>
    <property name="java.library.path" value="C:\Program Files\Java\jdk-10.0.1\bin;C:\WINDOWS\Sun\Java\bin;C:\WINDOWS\system32;C:\WINDOWS;C:/Program Files/Java/jdk-10.0.1/bin/server;C:/Program Files/Java/jdk-10.0.1/bin;C:\WINDOWS\system32;C:\WINDOWS;C:\WINDOWS\System32\Wbem;C:\WINDOWS\System32\WindowsPowerShell\v1.0\;C:\Program Files\Microsoft SQL Server\Client SDK\ODBC\110\Tools\Binn\;C:\Program Files (x86)\Microsoft SQL Server\120\Tools\Binn\;C:\Program Files\Microsoft SQL Server\120\Tools\Binn\;C:\Program Files\Microsoft SQL Server\120\DTS\Binn\;C:\Program Files (x86)\Microsoft SQL Server\120\Tools\Binn\ManagementStudio\;&quot;C:\Program Files (x86)\Microsoft SQL Server\120\DTS\Binn\;C:\Program Files\Android\Android Studio\bin&quot;;%JAVA_HOME%\bin;D:\ANT\apache-ant-1.10.1\bin;C:\Program Files\Git\cmd;C:\Program Files\nodejs\;C:\Users\Srinu\AppData\Local\Android\Sdk\tools;C:\Users\Srinu\AppData\Local\Android\Sdk\tools\bin;C:\Users\Srinu\AppData\Local\Android\Sdk\platform-tools;C:\Program Files\nodejs\node_modules\npm\bin;C:\Program Files\Java\jdk-10.0.1\bin;C:\Program Files\Java\jre-10.0.1\bin;%ANDROID_HOME%\bin;C:\Maven\apache-maven-3.5.3\bin;&quot;C:\Users\Srinu\AppData\Local\Microsoft\WindowsApps;&quot;;C:\Users\Srinu\AppData\Roaming\npm;C:\Program Files\Java\jdk-10.0.1\bin;C:\Program Files\Java\jre-10.0.1\bin;;C:\Users\Srinu\Desktop;;."/>
    <property name="jdk.debug" value="release"/>
    <property name="java.class.version" value="54.0"/>
    <property name="java.specification.name" value="Java Platform API Specification"/>
    <property name="sun.management.compiler" value="HotSpot 64-Bit Tiered Compilers"/>
    <property name="os.version" value="10.0"/>
    <property name="user.home" value="C:\Users\Srinu"/>
    <property name="user.timezone" value="Asia/Calcutta"/>
    <property name="java.awt.printerjob" value="sun.awt.windows.WPrinterJob"/>
    <property name="file.encoding" value="Cp1252"/>
    <property name="java.specification.version" value="10"/>
    <property name="user.name" value="Srinu"/>
    <property name="java.class.path" value="C:\Users\Srinu\.p2\pool\plugins\org.eclipse.m2e.maven.runtime_1.8.3.20180227-2135\jars\plexus-classworlds-2.5.2.jar"/>
    <property name="java.vm.specification.version" value="10"/>
    <property name="sun.arch.data.model" value="64"/>
    <property name="sun.java.command" value="org.codehaus.plexus.classworlds.launcher.Launcher -B test"/>
    <property name="java.home" value="C:\Program Files\Java\jdk-10.0.1"/>
    <property name="user.language" value="en"/>
    <property name="java.specification.vendor" value="Oracle Corporation"/>
    <property name="awt.toolkit" value="sun.awt.windows.WToolkit"/>
    <property name="java.vm.info" value="mixed mode"/>
    <property name="java.version" value="10.0.1"/>
    <property name="java.vendor" value="Oracle Corporation"/>
    <property name="maven.home" value="D:\Selenium_Commands\Selenium_Practice\EMBEDDED"/>
    <property name="file.separator" value="\"/>
    <property name="java.version.date" value="2018-04-17"/>
    <property name="java.vendor.url.bug" value="http://bugreport.java.com/bugreport/"/>
    <property name="sun.io.unicode.encoding" value="UnicodeLittle"/>
    <property name="sun.cpu.endian" value="little"/>
    <property name="java.vendor.version" value="18.3"/>
    <property name="sun.desktop" value="windows"/>
    <property name="sun.cpu.isalist" value="amd64"/>
  </properties>
  <testcase classname="HomePage.TestHomePage" name="testSinOut" time="0.102">
    <failure type="java.lang.NullPointerException">java.lang.NullPointerException
	at com.google.common.base.Preconditions.checkNotNull(Preconditions.java:882)
	at org.openqa.selenium.support.ui.FluentWait.&lt;init&gt;(FluentWait.java:104)
	at org.openqa.selenium.support.ui.WebDriverWait.&lt;init&gt;(WebDriverWait.java:71)
	at org.openqa.selenium.support.ui.WebDriverWait.&lt;init&gt;(WebDriverWait.java:45)
	at helper.WaitHelper.waitForElement(WaitHelper.java:17)
	at pageObjects.HomePage.&lt;init&gt;(HomePage.java:36)
	at HomePage.TestHomePage.testSinOut(TestHomePage.java:16)
</failure>
    <system-out>Configuring TestNG with: org.apache.maven.surefire.testng.conf.TestNG652Configurator@27a5f880
</system-out>
    <system-err>1532959267618	geckodriver	INFO	geckodriver 0.18.0
1532959267629	geckodriver	INFO	Listening on 127.0.0.1:18915
1532959268473	geckodriver::marionette	INFO	Starting browser C:\Program Files (x86)\Mozilla Firefox\firefox.exe with args [&quot;-marionette&quot;]
1532959268805	addons.xpi	WARN	Error parsing extensions state: [Exception... &quot;Component returned failure code: 0x80520012 (NS_ERROR_FILE_NOT_FOUND) [amIAddonManagerStartup.readStartupData]&quot;  nsresult: &quot;0x80520012 (NS_ERROR_FILE_NOT_FOUND)&quot;  location: &quot;JS frame :: resource://gre/modules/addons/XPIProvider.jsm :: loadExtensionState :: line 1554&quot;  data: no] Stack trace: loadExtensionState()@resource://gre/modules/addons/XPIProvider.jsm:1554 &lt; getInstallState()@resource://gre/modules/addons/XPIProvider.jsm:1589 &lt; checkForChanges()@resource://gre/modules/addons/XPIProvider.jsm:3109 &lt; startup()@resource://gre/modules/addons/XPIProvider.jsm:2188 &lt; callProvider()@resource://gre/modules/AddonManager.jsm:269 &lt; _startProvider()@resource://gre/modules/AddonManager.jsm:739 &lt; startup()@resource://gre/modules/AddonManager.jsm:906 &lt; startup()@resource://gre/modules/AddonManager.jsm:3090 &lt; observe()@jar:file:///C:/Program%20Files%20(x86)/Mozilla%20Firefox/omni.ja!/components/addonManager.js:65
1532959269638	Marionette	INFO	Enabled via --marionette
[Child 6780] WARNING: pipe error: 109: file z:/build/build/src/ipc/chromium/src/chrome/common/ipc_channel_win.cc, line 346
[Child 6780] WARNING: pipe error: 109: file z:/build/build/src/ipc/chromium/src/chrome/common/ipc_channel_win.cc, line 346
1532959272687	Marionette	INFO	Listening on port 51733
1532959273714	Marionette	WARN	TLS certificate errors will be ignored for this session
1532959273786	Marionette	DEBUG	Register listener.js for window 6442450945
Jul 30, 2018 7:31:13 PM org.openqa.selenium.remote.ProtocolHandshake createSession
INFO: Detected dialect: W3C
</system-err>
  </testcase>
  <testcase classname="leads_Page.TestLeadsPage" name="test_LeadsPage" time="21.086"/>
  <testcase classname="leads_Page.TestLeadsPage" name="test_LeadsPage" time="8.988">
    <failure message="The element reference of &lt;a&gt; stale: either the element is no longer attached to the DOM or the page has been refreshed
For documentation on this error, please visit: http://seleniumhq.org/exceptions/stale_element_reference.html
Build info: version: &apos;3.13.0&apos;, revision: &apos;2f0d292&apos;, time: &apos;2018-06-25T15:24:21.231Z&apos;
System info: host: &apos;LENOVO&apos;, ip: &apos;192.168.2.10&apos;, os.name: &apos;Windows 10&apos;, os.arch: &apos;amd64&apos;, os.version: &apos;10.0&apos;, java.version: &apos;10.0.1&apos;
Driver info: org.openqa.selenium.firefox.FirefoxDriver
Capabilities {acceptInsecureCerts: true, browserName: firefox, browserVersion: 56.0, javascriptEnabled: true, moz:accessibilityChecks: false, moz:headless: false, moz:processID: 5504, moz:profile: C:\Users\Srinu\AppData\Loca..., pageLoadStrategy: normal, platform: XP, platformName: XP, platformVersion: 10.0, rotatable: false, specificationLevel: 0, timeouts: {implicit: 0, pageLoad: 300000, script: 30000}}
Session ID: 27bf1ade-112e-4b14-8b9a-ab9ee990299b" type="org.openqa.selenium.StaleElementReferenceException">org.openqa.selenium.StaleElementReferenceException: The element reference of &lt;a&gt; stale: either the element is no longer attached to the DOM or the page has been refreshed
For documentation on this error, please visit: http://seleniumhq.org/exceptions/stale_element_reference.html
Build info: version: &apos;3.13.0&apos;, revision: &apos;2f0d292&apos;, time: &apos;2018-06-25T15:24:21.231Z&apos;
System info: host: &apos;LENOVO&apos;, ip: &apos;192.168.2.10&apos;, os.name: &apos;Windows 10&apos;, os.arch: &apos;amd64&apos;, os.version: &apos;10.0&apos;, java.version: &apos;10.0.1&apos;
Driver info: org.openqa.selenium.firefox.FirefoxDriver
Capabilities {acceptInsecureCerts: true, browserName: firefox, browserVersion: 56.0, javascriptEnabled: true, moz:accessibilityChecks: false, moz:headless: false, moz:processID: 5504, moz:profile: C:\Users\Srinu\AppData\Loca..., pageLoadStrategy: normal, platform: XP, platformName: XP, platformVersion: 10.0, rotatable: false, specificationLevel: 0, timeouts: {implicit: 0, pageLoad: 300000, script: 30000}}
Session ID: 27bf1ade-112e-4b14-8b9a-ab9ee990299b
	at java.base/jdk.internal.reflect.NativeConstructorAccessorImpl.newInstance0(Native Method)
	at java.base/jdk.internal.reflect.NativeConstructorAccessorImpl.newInstance(NativeConstructorAccessorImpl.java:62)
	at java.base/jdk.internal.reflect.DelegatingConstructorAccessorImpl.newInstance(DelegatingConstructorAccessorImpl.java:45)
	at java.base/java.lang.reflect.Constructor.newInstance(Constructor.java:488)
	at org.openqa.selenium.remote.http.W3CHttpResponseCodec.createException(W3CHttpResponseCodec.java:187)
	at org.openqa.selenium.remote.http.W3CHttpResponseCodec.decode(W3CHttpResponseCodec.java:122)
	at org.openqa.selenium.remote.http.W3CHttpResponseCodec.decode(W3CHttpResponseCodec.java:49)
	at org.openqa.selenium.remote.HttpCommandExecutor.execute(HttpCommandExecutor.java:158)
	at org.openqa.selenium.remote.service.DriverCommandExecutor.execute(DriverCommandExecutor.java:83)
	at org.openqa.selenium.remote.RemoteWebDriver.execute(RemoteWebDriver.java:548)
	at org.openqa.selenium.remote.RemoteWebElement.execute(RemoteWebElement.java:276)
	at org.openqa.selenium.remote.RemoteWebElement.isDisplayed(RemoteWebElement.java:317)
	at java.base/jdk.internal.reflect.NativeMethodAccessorImpl.invoke0(Native Method)
	at java.base/jdk.internal.reflect.NativeMethodAccessorImpl.invoke(NativeMethodAccessorImpl.java:62)
	at java.base/jdk.internal.reflect.DelegatingMethodAccessorImpl.invoke(DelegatingMethodAccessorImpl.java:43)
	at java.base/java.lang.reflect.Method.invoke(Method.java:564)
	at org.openqa.selenium.support.pagefactory.internal.LocatingElementHandler.invoke(LocatingElementHandler.java:51)
	at com.sun.proxy.$Proxy11.isDisplayed(Unknown Source)
	at org.openqa.selenium.support.ui.ExpectedConditions.elementIfVisible(ExpectedConditions.java:315)
	at org.openqa.selenium.support.ui.ExpectedConditions.access$100(ExpectedConditions.java:44)
	at org.openqa.selenium.support.ui.ExpectedConditions$10.apply(ExpectedConditions.java:301)
	at org.openqa.selenium.support.ui.ExpectedConditions$10.apply(ExpectedConditions.java:298)
	at org.openqa.selenium.support.ui.FluentWait.until(FluentWait.java:248)
	at helper.WaitHelper.waitForElement(WaitHelper.java:18)
	at pageObjects.leads.LeadsPage.&lt;init&gt;(LeadsPage.java:96)
	at pageObjects.HomePage.navigateToLeads(HomePage.java:50)
	at leads_Page.TestLeadsPage.test_LeadsPage(TestLeadsPage.java:38)
</failure>
    <system-err>1532959298853	Marionette	DEBUG	Received DOM event &quot;beforeunload&quot; for &quot;http://localhost:8888/index.php?action=Login&amp;module=Users&quot;
1532959301179	Marionette	DEBUG	Received DOM event &quot;pagehide&quot; for &quot;http://localhost:8888/index.php?action=Login&amp;module=Users&quot;
1532959301181	Marionette	DEBUG	Received DOM event &quot;unload&quot; for &quot;http://localhost:8888/index.php?action=Login&amp;module=Users&quot;
JavaScript warning: http://localhost:8888/jscalendar/calendar.js, line 1695: unreachable code after return statement
1532959301890	Marionette	DEBUG	Received DOM event &quot;DOMContentLoaded&quot; for &quot;http://localhost:8888/index.php?action=index&amp;module=Home&quot;
1532959301898	Marionette	DEBUG	Received DOM event &quot;pageshow&quot; for &quot;http://localhost:8888/index.php?action=index&amp;module=Home&quot;
1532959302270	Marionette	DEBUG	Received DOM event &quot;beforeunload&quot; for &quot;http://localhost:8888/index.php?action=index&amp;module=Home&quot;
1532959307590	Marionette	DEBUG	Canceled page load listener because no navigation has been detected
Jul 30, 2018 7:31:47 PM org.openqa.selenium.remote.ErrorCodes toStatus
INFO: HTTP Status: &apos;400&apos; -&gt; incorrect JSON status mapping for &apos;stale element reference&apos; (404 expected)
</system-err>
  </testcase>
  <testcase classname="leads_Page.TestLeadsPage" name="test_LeadsPage" time="0.002">
    <failure type="java.lang.NullPointerException">java.lang.NullPointerException
	at leads_Page.TestLeadsPage.test_LeadsPage(TestLeadsPage.java:33)
</failure>
  </testcase>
  <testcase classname="login_Page.TestLoginPage" name="beforeClassName" time="0.004">
    <failure type="java.lang.NullPointerException">java.lang.NullPointerException
	at testBase.TestBase.getApplicationUrl(TestBase.java:71)
	at login_Page.TestLoginPage.beforeClassName(TestLoginPage.java:46)
</failure>
  </testcase>
  <testcase classname="login_Page.TestLoginPage" name="test_LoginPage" time="0">
    <skipped/>
    <system-out>
admin
password
Y

admin
password
Y

admin
password
Y

</system-out>
    <system-err>JavaScript warning: http://localhost:8888/jscalendar/calendar.js, line 1695: unreachable code after return statement
</system-err>
  </testcase>
  <testcase classname="login_Page.TestLoginPage" name="test_LoginPage" time="0">
    <skipped/>
  </testcase>
  <testcase classname="login_Page.TestLoginPage" name="test_LoginPage" time="0">
    <skipped/>
  </testcase>
</testsuite>